<?xml version="1.0" encoding="UTF-8"?>
<testsuite name="kr.co.navi.mobility.demo.ServerConnectionTest" tests="3" skipped="0" failures="0" errors="0" timestamp="2026-09-18T17:54:50.593Z" hostname="DESKTOP-LET1RVC" time="0.004">
  <properties/>
  <testcase name="access code cannot travel over cleartext or inject headers" classname="kr.co.navi.mobility.demo.ServerConnectionTest" time="0.003"/>
  <testcase name="accept internet origin and legacy local USB origin" classname="kr.co.navi.mobility.demo.ServerConnectionTest" time="0.0"/>
  <testcase name="reject credentials in URL paths queries invalid ports and unsupported protocols" classname="kr.co.navi.mobility.demo.ServerConnectionTest" time="0.001"/>
  <system-out><![CDATA[]]></system-out>
  <system-err><![CDATA[]]></system-err>
</testsuite>
