<?xml version="1.0" encoding="UTF-8"?>
<testsuite name="kr.co.navi.mobility.demo.CaseCollectionPlanTest" tests="2" skipped="0" failures="0" errors="0" timestamp="2026-09-18T17:54:50.486Z" hostname="DESKTOP-LET1RVC" time="0.002">
  <properties/>
  <testcase name="each timestamp belongs to exactly one window and completion has no case label" classname="kr.co.navi.mobility.demo.CaseCollectionPlanTest" time="0.001"/>
  <testcase name="countdown does not finish early or become negative" classname="kr.co.navi.mobility.demo.CaseCollectionPlanTest" time="0.001"/>
  <system-out><![CDATA[]]></system-out>
  <system-err><![CDATA[]]></system-err>
</testsuite>
